>>> CONFIGURATION <<<
Running in: /h/439/khashazad/truncated-transformer-reasoning/logitlens
Temporary Scratch: /scratch/scratch-space/expires-2025-Nov-21
Permanent Results: /u/khashazad/truncated-transformer-reasoning/logitlens/logitlens_results
Activating existing environment: /scratch/scratch-space/expires-2025-Nov-21/khashazad/logitlens2_env
Requirement already satisfied: torch in /w/nobackup/385/scratch-space/expires-2025-Nov-21/khashazad/logitlens2_env/lib/python3.10/site-packages (2.9.1)
Requirement already satisfied: transformers in /w/nobackup/385/scratch-space/expires-2025-Nov-21/khashazad/logitlens2_env/lib/python3.10/site-packages (4.57.1)
Requirement already satisfied: datasets in /w/nobackup/385/scratch-space/expires-2025-Nov-21/khashazad/logitlens2_env/lib/python3.10/site-packages (4.4.1)
Requirement already satisfied: matplotlib in /w/nobackup/385/scratch-space/expires-2025-Nov-21/khashazad/logitlens2_env/lib/python3.10/site-packages (3.10.7)
Requirement already satisfied: numpy in /w/nobackup/385/scratch-space/expires-2025-Nov-21/khashazad/logitlens2_env/lib/python3.10/site-packages (2.2.6)
Requirement already satisfied: accelerate in /w/nobackup/385/scratch-space/expires-2025-Nov-21/khashazad/logitlens2_env/lib/python3.10/site-packages (1.12.0)
Requirement already satisfied: filelock in /w/nobackup/385/scratch-space/expires-2025-Nov-21/khashazad/logitlens2_env/lib/python3.10/site-packages (from torch) (3.20.0)
Requirement already satisfied: typing-extensions>=4.10.0 in /w/nobackup/385/scratch-space/expires-2025-Nov-21/khashazad/logitlens2_env/lib/python3.10/site-packages (from torch) (4.15.0)
Requirement already satisfied: sympy>=1.13.3 in /w/nobackup/385/scratch-space/expires-2025-Nov-21/khashazad/logitlens2_env/lib/python3.10/site-packages (from torch) (1.14.0)
Requirement already satisfied: networkx>=2.5.1 in /w/nobackup/385/scratch-space/expires-2025-Nov-21/khashazad/logitlens2_env/lib/python3.10/site-packages (from torch) (3.4.2)
Requirement already satisfied: jinja2 in /w/nobackup/385/scratch-space/expires-2025-Nov-21/khashazad/logitlens2_env/lib/python3.10/site-packages (from torch) (3.1.6)
Requirement already satisfied: fsspec>=0.8.5 in /w/nobackup/385/scratch-space/expires-2025-Nov-21/khashazad/logitlens2_env/lib/python3.10/site-packages (from torch) (2025.10.0)
Requirement already satisfied: nvidia-cuda-nvrtc-cu12==12.8.93 in /w/nobackup/385/scratch-space/expires-2025-Nov-21/khashazad/logitlens2_env/lib/python3.10/site-packages (from torch) (12.8.93)
Requirement already satisfied: nvidia-cuda-runtime-cu12==12.8.90 in /w/nobackup/385/scratch-space/expires-2025-Nov-21/khashazad/logitlens2_env/lib/python3.10/site-packages (from torch) (12.8.90)
Requirement already satisfied: nvidia-cuda-cupti-cu12==12.8.90 in /w/nobackup/385/scratch-space/expires-2025-Nov-21/khashazad/logitlens2_env/lib/python3.10/site-packages (from torch) (12.8.90)
Requirement already satisfied: nvidia-cudnn-cu12==9.10.2.21 in /w/nobackup/385/scratch-space/expires-2025-Nov-21/khashazad/logitlens2_env/lib/python3.10/site-packages (from torch) (9.10.2.21)
Requirement already satisfied: nvidia-cublas-cu12==12.8.4.1 in /w/nobackup/385/scratch-space/expires-2025-Nov-21/khashazad/logitlens2_env/lib/python3.10/site-packages (from torch) (12.8.4.1)
Requirement already satisfied: nvidia-cufft-cu12==11.3.3.83 in /w/nobackup/385/scratch-space/expires-2025-Nov-21/khashazad/logitlens2_env/lib/python3.10/site-packages (from torch) (11.3.3.83)
Requirement already satisfied: nvidia-curand-cu12==10.3.9.90 in /w/nobackup/385/scratch-space/expires-2025-Nov-21/khashazad/logitlens2_env/lib/python3.10/site-packages (from torch) (10.3.9.90)
Requirement already satisfied: nvidia-cusolver-cu12==11.7.3.90 in /w/nobackup/385/scratch-space/expires-2025-Nov-21/khashazad/logitlens2_env/lib/python3.10/site-packages (from torch) (11.7.3.90)
Requirement already satisfied: nvidia-cusparse-cu12==12.5.8.93 in /w/nobackup/385/scratch-space/expires-2025-Nov-21/khashazad/logitlens2_env/lib/python3.10/site-packages (from torch) (12.5.8.93)
Requirement already satisfied: nvidia-cusparselt-cu12==0.7.1 in /w/nobackup/385/scratch-space/expires-2025-Nov-21/khashazad/logitlens2_env/lib/python3.10/site-packages (from torch) (0.7.1)
Requirement already satisfied: nvidia-nccl-cu12==2.27.5 in /w/nobackup/385/scratch-space/expires-2025-Nov-21/khashazad/logitlens2_env/lib/python3.10/site-packages (from torch) (2.27.5)
Requirement already satisfied: nvidia-nvshmem-cu12==3.3.20 in /w/nobackup/385/scratch-space/expires-2025-Nov-21/khashazad/logitlens2_env/lib/python3.10/site-packages (from torch) (3.3.20)
Requirement already satisfied: nvidia-nvtx-cu12==12.8.90 in /w/nobackup/385/scratch-space/expires-2025-Nov-21/khashazad/logitlens2_env/lib/python3.10/site-packages (from torch) (12.8.90)
Requirement already satisfied: nvidia-nvjitlink-cu12==12.8.93 in /w/nobackup/385/scratch-space/expires-2025-Nov-21/khashazad/logitlens2_env/lib/python3.10/site-packages (from torch) (12.8.93)
Requirement already satisfied: nvidia-cufile-cu12==1.13.1.3 in /w/nobackup/385/scratch-space/expires-2025-Nov-21/khashazad/logitlens2_env/lib/python3.10/site-packages (from torch) (1.13.1.3)
Requirement already satisfied: triton==3.5.1 in /w/nobackup/385/scratch-space/expires-2025-Nov-21/khashazad/logitlens2_env/lib/python3.10/site-packages (from torch) (3.5.1)
Requirement already satisfied: huggingface-hub<1.0,>=0.34.0 in /w/nobackup/385/scratch-space/expires-2025-Nov-21/khashazad/logitlens2_env/lib/python3.10/site-packages (from transformers) (0.36.0)
Requirement already satisfied: packaging>=20.0 in /w/nobackup/385/scratch-space/expires-2025-Nov-21/khashazad/logitlens2_env/lib/python3.10/site-packages (from transformers) (25.0)
Requirement already satisfied: pyyaml>=5.1 in /w/nobackup/385/scratch-space/expires-2025-Nov-21/khashazad/logitlens2_env/lib/python3.10/site-packages (from transformers) (6.0.3)
Requirement already satisfied: regex!=2019.12.17 in /w/nobackup/385/scratch-space/expires-2025-Nov-21/khashazad/logitlens2_env/lib/python3.10/site-packages (from transformers) (2025.11.3)
Requirement already satisfied: requests in /w/nobackup/385/scratch-space/expires-2025-Nov-21/khashazad/logitlens2_env/lib/python3.10/site-packages (from transformers) (2.32.5)
Requirement already satisfied: tokenizers<=0.23.0,>=0.22.0 in /w/nobackup/385/scratch-space/expires-2025-Nov-21/khashazad/logitlens2_env/lib/python3.10/site-packages (from transformers) (0.22.1)
Requirement already satisfied: safetensors>=0.4.3 in /w/nobackup/385/scratch-space/expires-2025-Nov-21/khashazad/logitlens2_env/lib/python3.10/site-packages (from transformers) (0.7.0)
Requirement already satisfied: tqdm>=4.27 in /w/nobackup/385/scratch-space/expires-2025-Nov-21/khashazad/logitlens2_env/lib/python3.10/site-packages (from transformers) (4.67.1)
Requirement already satisfied: hf-xet<2.0.0,>=1.1.3 in /w/nobackup/385/scratch-space/expires-2025-Nov-21/khashazad/logitlens2_env/lib/python3.10/site-packages (from huggingface-hub<1.0,>=0.34.0->transformers) (1.2.0)
Requirement already satisfied: pyarrow>=21.0.0 in /w/nobackup/385/scratch-space/expires-2025-Nov-21/khashazad/logitlens2_env/lib/python3.10/site-packages (from datasets) (22.0.0)
Requirement already satisfied: dill<0.4.1,>=0.3.0 in /w/nobackup/385/scratch-space/expires-2025-Nov-21/khashazad/logitlens2_env/lib/python3.10/site-packages (from datasets) (0.4.0)
Requirement already satisfied: pandas in /w/nobackup/385/scratch-space/expires-2025-Nov-21/khashazad/logitlens2_env/lib/python3.10/site-packages (from datasets) (2.3.3)
Requirement already satisfied: httpx<1.0.0 in /w/nobackup/385/scratch-space/expires-2025-Nov-21/khashazad/logitlens2_env/lib/python3.10/site-packages (from datasets) (0.28.1)
Requirement already satisfied: xxhash in /w/nobackup/385/scratch-space/expires-2025-Nov-21/khashazad/logitlens2_env/lib/python3.10/site-packages (from datasets) (3.6.0)
Requirement already satisfied: multiprocess<0.70.19 in /w/nobackup/385/scratch-space/expires-2025-Nov-21/khashazad/logitlens2_env/lib/python3.10/site-packages (from datasets) (0.70.18)
Requirement already satisfied: aiohttp!=4.0.0a0,!=4.0.0a1 in /w/nobackup/385/scratch-space/expires-2025-Nov-21/khashazad/logitlens2_env/lib/python3.10/site-packages (from fsspec[http]<=2025.10.0,>=2023.1.0->datasets) (3.13.2)
Requirement already satisfied: anyio in /w/nobackup/385/scratch-space/expires-2025-Nov-21/khashazad/logitlens2_env/lib/python3.10/site-packages (from httpx<1.0.0->datasets) (4.11.0)
Requirement already satisfied: certifi in /w/nobackup/385/scratch-space/expires-2025-Nov-21/khashazad/logitlens2_env/lib/python3.10/site-packages (from httpx<1.0.0->datasets) (2025.11.12)
Requirement already satisfied: httpcore==1.* in /w/nobackup/385/scratch-space/expires-2025-Nov-21/khashazad/logitlens2_env/lib/python3.10/site-packages (from httpx<1.0.0->datasets) (1.0.9)
Requirement already satisfied: idna in /w/nobackup/385/scratch-space/expires-2025-Nov-21/khashazad/logitlens2_env/lib/python3.10/site-packages (from httpx<1.0.0->datasets) (3.11)
Requirement already satisfied: h11>=0.16 in /w/nobackup/385/scratch-space/expires-2025-Nov-21/khashazad/logitlens2_env/lib/python3.10/site-packages (from httpcore==1.*->httpx<1.0.0->datasets) (0.16.0)
Requirement already satisfied: contourpy>=1.0.1 in /w/nobackup/385/scratch-space/expires-2025-Nov-21/khashazad/logitlens2_env/lib/python3.10/site-packages (from matplotlib) (1.3.2)
Requirement already satisfied: cycler>=0.10 in /w/nobackup/385/scratch-space/expires-2025-Nov-21/khashazad/logitlens2_env/lib/python3.10/site-packages (from matplotlib) (0.12.1)
Requirement already satisfied: fonttools>=4.22.0 in /w/nobackup/385/scratch-space/expires-2025-Nov-21/khashazad/logitlens2_env/lib/python3.10/site-packages (from matplotlib) (4.60.1)
Requirement already satisfied: kiwisolver>=1.3.1 in /w/nobackup/385/scratch-space/expires-2025-Nov-21/khashazad/logitlens2_env/lib/python3.10/site-packages (from matplotlib) (1.4.9)
Requirement already satisfied: pillow>=8 in /w/nobackup/385/scratch-space/expires-2025-Nov-21/khashazad/logitlens2_env/lib/python3.10/site-packages (from matplotlib) (12.0.0)
Requirement already satisfied: pyparsing>=3 in /w/nobackup/385/scratch-space/expires-2025-Nov-21/khashazad/logitlens2_env/lib/python3.10/site-packages (from matplotlib) (3.2.5)
Requirement already satisfied: python-dateutil>=2.7 in /w/nobackup/385/scratch-space/expires-2025-Nov-21/khashazad/logitlens2_env/lib/python3.10/site-packages (from matplotlib) (2.9.0.post0)
Requirement already satisfied: psutil in /w/nobackup/385/scratch-space/expires-2025-Nov-21/khashazad/logitlens2_env/lib/python3.10/site-packages (from accelerate) (7.1.3)
Requirement already satisfied: aiohappyeyeballs>=2.5.0 in /w/nobackup/385/scratch-space/expires-2025-Nov-21/khashazad/logitlens2_env/lib/python3.10/site-packages (from aiohttp!=4.0.0a0,!=4.0.0a1->fsspec[http]<=2025.10.0,>=2023.1.0->datasets) (2.6.1)
Requirement already satisfied: aiosignal>=1.4.0 in /w/nobackup/385/scratch-space/expires-2025-Nov-21/khashazad/logitlens2_env/lib/python3.10/site-packages (from aiohttp!=4.0.0a0,!=4.0.0a1->fsspec[http]<=2025.10.0,>=2023.1.0->datasets) (1.4.0)
Requirement already satisfied: async-timeout<6.0,>=4.0 in /w/nobackup/385/scratch-space/expires-2025-Nov-21/khashazad/logitlens2_env/lib/python3.10/site-packages (from aiohttp!=4.0.0a0,!=4.0.0a1->fsspec[http]<=2025.10.0,>=2023.1.0->datasets) (5.0.1)
Requirement already satisfied: attrs>=17.3.0 in /w/nobackup/385/scratch-space/expires-2025-Nov-21/khashazad/logitlens2_env/lib/python3.10/site-packages (from aiohttp!=4.0.0a0,!=4.0.0a1->fsspec[http]<=2025.10.0,>=2023.1.0->datasets) (25.4.0)
Requirement already satisfied: frozenlist>=1.1.1 in /w/nobackup/385/scratch-space/expires-2025-Nov-21/khashazad/logitlens2_env/lib/python3.10/site-packages (from aiohttp!=4.0.0a0,!=4.0.0a1->fsspec[http]<=2025.10.0,>=2023.1.0->datasets) (1.8.0)
Requirement already satisfied: multidict<7.0,>=4.5 in /w/nobackup/385/scratch-space/expires-2025-Nov-21/khashazad/logitlens2_env/lib/python3.10/site-packages (from aiohttp!=4.0.0a0,!=4.0.0a1->fsspec[http]<=2025.10.0,>=2023.1.0->datasets) (6.7.0)
Requirement already satisfied: propcache>=0.2.0 in /w/nobackup/385/scratch-space/expires-2025-Nov-21/khashazad/logitlens2_env/lib/python3.10/site-packages (from aiohttp!=4.0.0a0,!=4.0.0a1->fsspec[http]<=2025.10.0,>=2023.1.0->datasets) (0.4.1)
Requirement already satisfied: yarl<2.0,>=1.17.0 in /w/nobackup/385/scratch-space/expires-2025-Nov-21/khashazad/logitlens2_env/lib/python3.10/site-packages (from aiohttp!=4.0.0a0,!=4.0.0a1->fsspec[http]<=2025.10.0,>=2023.1.0->datasets) (1.22.0)
Requirement already satisfied: six>=1.5 in /w/nobackup/385/scratch-space/expires-2025-Nov-21/khashazad/logitlens2_env/lib/python3.10/site-packages (from python-dateutil>=2.7->matplotlib) (1.17.0)
Requirement already satisfied: charset_normalizer<4,>=2 in /w/nobackup/385/scratch-space/expires-2025-Nov-21/khashazad/logitlens2_env/lib/python3.10/site-packages (from requests->transformers) (3.4.4)
Requirement already satisfied: urllib3<3,>=1.21.1 in /w/nobackup/385/scratch-space/expires-2025-Nov-21/khashazad/logitlens2_env/lib/python3.10/site-packages (from requests->transformers) (2.5.0)
Requirement already satisfied: mpmath<1.4,>=1.1.0 in /w/nobackup/385/scratch-space/expires-2025-Nov-21/khashazad/logitlens2_env/lib/python3.10/site-packages (from sympy>=1.13.3->torch) (1.3.0)
Requirement already satisfied: exceptiongroup>=1.0.2 in /w/nobackup/385/scratch-space/expires-2025-Nov-21/khashazad/logitlens2_env/lib/python3.10/site-packages (from anyio->httpx<1.0.0->datasets) (1.3.0)
Requirement already satisfied: sniffio>=1.1 in /w/nobackup/385/scratch-space/expires-2025-Nov-21/khashazad/logitlens2_env/lib/python3.10/site-packages (from anyio->httpx<1.0.0->datasets) (1.3.1)
Requirement already satisfied: MarkupSafe>=2.0 in /w/nobackup/385/scratch-space/expires-2025-Nov-21/khashazad/logitlens2_env/lib/python3.10/site-packages (from jinja2->torch) (3.0.3)
Requirement already satisfied: pytz>=2020.1 in /w/nobackup/385/scratch-space/expires-2025-Nov-21/khashazad/logitlens2_env/lib/python3.10/site-packages (from pandas->datasets) (2025.2)
Requirement already satisfied: tzdata>=2022.7 in /w/nobackup/385/scratch-space/expires-2025-Nov-21/khashazad/logitlens2_env/lib/python3.10/site-packages (from pandas->datasets) (2025.2)
Starting script...
Processing problem 1/500...
Processing problem 2/500...
Processing problem 3/500...
Processing problem 4/500...
Processing problem 5/500...
Processing problem 6/500...
Processing problem 7/500...
Processing problem 8/500...
Processing problem 9/500...
Processing problem 10/500...
Processing problem 11/500...
Processing problem 12/500...
Processing problem 13/500...
Processing problem 14/500...
Processing problem 15/500...
Processing problem 16/500...
Processing problem 17/500...
Processing problem 18/500...
Processing problem 19/500...
Processing problem 20/500...
Processing problem 21/500...
Processing problem 22/500...
Processing problem 23/500...
Processing problem 24/500...
Processing problem 25/500...
Processing problem 26/500...
Processing problem 27/500...
Processing problem 28/500...
Processing problem 29/500...
Processing problem 30/500...
Processing problem 31/500...
Processing problem 32/500...
Processing problem 33/500...
Processing problem 34/500...
Processing problem 35/500...
Processing problem 36/500...
Processing problem 37/500...
Processing problem 38/500...
Processing problem 39/500...
Processing problem 40/500...
Processing problem 41/500...
Processing problem 42/500...
Processing problem 43/500...
Processing problem 44/500...
Processing problem 45/500...
Processing problem 46/500...
Processing problem 47/500...
Processing problem 48/500...
Processing problem 49/500...
Processing problem 50/500...
Processing problem 51/500...
Processing problem 52/500...
Processing problem 53/500...
Processing problem 54/500...
Processing problem 55/500...
Processing problem 56/500...
Processing problem 57/500...
Processing problem 58/500...
Processing problem 59/500...
Processing problem 60/500...
Processing problem 61/500...
Processing problem 62/500...
Processing problem 63/500...
Processing problem 64/500...
Processing problem 65/500...
Processing problem 66/500...
Processing problem 67/500...
Processing problem 68/500...
Processing problem 69/500...
Processing problem 70/500...
Processing problem 71/500...
Processing problem 72/500...
Processing problem 73/500...
Processing problem 74/500...
Processing problem 75/500...
Processing problem 76/500...
Processing problem 77/500...
Processing problem 78/500...
Processing problem 79/500...
Processing problem 80/500...
Processing problem 81/500...
Processing problem 82/500...
Processing problem 83/500...
Processing problem 84/500...
Processing problem 85/500...
Processing problem 86/500...
Processing problem 87/500...
Processing problem 88/500...
Processing problem 89/500...
Processing problem 90/500...
Processing problem 91/500...
Processing problem 92/500...
Processing problem 93/500...
Processing problem 94/500...
Processing problem 95/500...
Processing problem 96/500...
Processing problem 97/500...
Processing problem 98/500...
Processing problem 99/500...
Processing problem 100/500...
Processing problem 101/500...
Processing problem 102/500...
Processing problem 103/500...
Processing problem 104/500...
Processing problem 105/500...
Processing problem 106/500...
Processing problem 107/500...
Processing problem 108/500...
Processing problem 109/500...
Processing problem 110/500...
Processing problem 111/500...
Processing problem 112/500...
Processing problem 113/500...
Processing problem 114/500...
Processing problem 115/500...
Processing problem 116/500...
Processing problem 117/500...
Processing problem 118/500...
Processing problem 119/500...
Processing problem 120/500...
Processing problem 121/500...
Processing problem 122/500...
Processing problem 123/500...
Processing problem 124/500...
Processing problem 125/500...
Processing problem 126/500...
Processing problem 127/500...
Processing problem 128/500...
Processing problem 129/500...
Processing problem 130/500...
Processing problem 131/500...
Processing problem 132/500...
Processing problem 133/500...
Processing problem 134/500...
Processing problem 135/500...
Processing problem 136/500...
Processing problem 137/500...
Processing problem 138/500...
Processing problem 139/500...
Processing problem 140/500...
Processing problem 141/500...
Processing problem 142/500...
Processing problem 143/500...
Processing problem 144/500...
Processing problem 145/500...
Processing problem 146/500...
Processing problem 147/500...
Processing problem 148/500...
Processing problem 149/500...
Processing problem 150/500...
Processing problem 151/500...
Processing problem 152/500...
Processing problem 153/500...
Processing problem 154/500...
Processing problem 155/500...
Processing problem 156/500...
Processing problem 157/500...
Processing problem 158/500...
Processing problem 159/500...
Processing problem 160/500...
Processing problem 161/500...
Processing problem 162/500...
Processing problem 163/500...
Processing problem 164/500...
Processing problem 165/500...
Processing problem 166/500...
Processing problem 167/500...
Processing problem 168/500...
Processing problem 169/500...
Processing problem 170/500...
Processing problem 171/500...
Processing problem 172/500...
Processing problem 173/500...
Processing problem 174/500...
Processing problem 175/500...
Processing problem 176/500...
Processing problem 177/500...
Processing problem 178/500...
Processing problem 179/500...
Processing problem 180/500...
Processing problem 181/500...
Processing problem 182/500...
Processing problem 183/500...
Processing problem 184/500...
Processing problem 185/500...
Processing problem 186/500...
Processing problem 187/500...
Processing problem 188/500...
Processing problem 189/500...
Processing problem 190/500...
Processing problem 191/500...
Processing problem 192/500...
Processing problem 193/500...
Processing problem 194/500...
Processing problem 195/500...
Processing problem 196/500...
Processing problem 197/500...
Processing problem 198/500...
Processing problem 199/500...
Processing problem 200/500...
Processing problem 201/500...
Processing problem 202/500...
Processing problem 203/500...
Processing problem 204/500...
Processing problem 205/500...
Processing problem 206/500...
Processing problem 207/500...
Processing problem 208/500...
Processing problem 209/500...
Processing problem 210/500...
Processing problem 211/500...
Processing problem 212/500...
Processing problem 213/500...
Processing problem 214/500...
Processing problem 215/500...
Processing problem 216/500...
Processing problem 217/500...
Processing problem 218/500...
Processing problem 219/500...
Processing problem 220/500...
Processing problem 221/500...
Processing problem 222/500...
Processing problem 223/500...
Processing problem 224/500...
Processing problem 225/500...
Processing problem 226/500...
Processing problem 227/500...
Processing problem 228/500...
Processing problem 229/500...
Processing problem 230/500...
Processing problem 231/500...
Processing problem 232/500...
Processing problem 233/500...
Processing problem 234/500...
Processing problem 235/500...
Processing problem 236/500...
Processing problem 237/500...
Processing problem 238/500...
Processing problem 239/500...
Processing problem 240/500...
Processing problem 241/500...
Processing problem 242/500...
Processing problem 243/500...
Processing problem 244/500...
Processing problem 245/500...
Processing problem 246/500...
Processing problem 247/500...
Processing problem 248/500...
Processing problem 249/500...
Processing problem 250/500...
Processing problem 251/500...
Processing problem 252/500...
Processing problem 253/500...
Processing problem 254/500...
Processing problem 255/500...
Processing problem 256/500...
Processing problem 257/500...
Processing problem 258/500...
Processing problem 259/500...
Processing problem 260/500...
Processing problem 261/500...
Processing problem 262/500...
Processing problem 263/500...
Processing problem 264/500...
Processing problem 265/500...
Processing problem 266/500...
Processing problem 267/500...
Processing problem 268/500...
Processing problem 269/500...
Processing problem 270/500...
Processing problem 271/500...
Processing problem 272/500...
Processing problem 273/500...
Processing problem 274/500...
Processing problem 275/500...
Processing problem 276/500...
Processing problem 277/500...
Processing problem 278/500...
Processing problem 279/500...
Processing problem 280/500...
Processing problem 281/500...
Processing problem 282/500...
Processing problem 283/500...
Processing problem 284/500...
Processing problem 285/500...
Processing problem 286/500...
Processing problem 287/500...
Processing problem 288/500...
Processing problem 289/500...
Processing problem 290/500...
Processing problem 291/500...
Processing problem 292/500...
Processing problem 293/500...
Processing problem 294/500...
Processing problem 295/500...
Processing problem 296/500...
Processing problem 297/500...
Processing problem 298/500...
Processing problem 299/500...
Processing problem 300/500...
Processing problem 301/500...
Processing problem 302/500...
Processing problem 303/500...
Processing problem 304/500...
Processing problem 305/500...
Processing problem 306/500...
Processing problem 307/500...
Processing problem 308/500...
Processing problem 309/500...
Processing problem 310/500...
Processing problem 311/500...
Processing problem 312/500...
Processing problem 313/500...
Processing problem 314/500...
Processing problem 315/500...
Processing problem 316/500...
Processing problem 317/500...
Processing problem 318/500...
Processing problem 319/500...
Processing problem 320/500...
Processing problem 321/500...
Processing problem 322/500...
Processing problem 323/500...
Processing problem 324/500...
Processing problem 325/500...
Processing problem 326/500...
Processing problem 327/500...
Processing problem 328/500...
Processing problem 329/500...
Processing problem 330/500...
Processing problem 331/500...
Processing problem 332/500...
Processing problem 333/500...
Processing problem 334/500...
Processing problem 335/500...
Processing problem 336/500...
Processing problem 337/500...
Processing problem 338/500...
Processing problem 339/500...
Processing problem 340/500...
Processing problem 341/500...
Processing problem 342/500...
Processing problem 343/500...
Processing problem 344/500...
Processing problem 345/500...
Processing problem 346/500...
Processing problem 347/500...
Processing problem 348/500...
Processing problem 349/500...
Processing problem 350/500...
Processing problem 351/500...
Processing problem 352/500...
Processing problem 353/500...
Processing problem 354/500...
Processing problem 355/500...
Processing problem 356/500...
Processing problem 357/500...
Processing problem 358/500...
Processing problem 359/500...
Processing problem 360/500...
Processing problem 361/500...
Processing problem 362/500...
Processing problem 363/500...
Processing problem 364/500...
Processing problem 365/500...
Processing problem 366/500...
Processing problem 367/500...
Processing problem 368/500...
Processing problem 369/500...
Processing problem 370/500...
Processing problem 371/500...
Processing problem 372/500...
Processing problem 373/500...
Processing problem 374/500...
Processing problem 375/500...
Processing problem 376/500...
Processing problem 377/500...
Processing problem 378/500...
Processing problem 379/500...
Processing problem 380/500...
Processing problem 381/500...
Processing problem 382/500...
Processing problem 383/500...
Processing problem 384/500...
Processing problem 385/500...
Processing problem 386/500...
Processing problem 387/500...
Processing problem 388/500...
Processing problem 389/500...
Processing problem 390/500...
Processing problem 391/500...
Processing problem 392/500...
Processing problem 393/500...
Processing problem 394/500...
Processing problem 395/500...
Processing problem 396/500...
Processing problem 397/500...
Processing problem 398/500...
Processing problem 399/500...
Processing problem 400/500...
Processing problem 401/500...
Processing problem 402/500...
Processing problem 403/500...
Processing problem 404/500...
Processing problem 405/500...
Processing problem 406/500...
Processing problem 407/500...
Processing problem 408/500...
Processing problem 409/500...
Processing problem 410/500...
Processing problem 411/500...
Processing problem 412/500...
Processing problem 413/500...
Processing problem 414/500...
Processing problem 415/500...
Processing problem 416/500...
Processing problem 417/500...
Processing problem 418/500...
Processing problem 419/500...
Processing problem 420/500...
Processing problem 421/500...
Processing problem 422/500...
Processing problem 423/500...
Processing problem 424/500...
Processing problem 425/500...
Processing problem 426/500...
Processing problem 427/500...
Processing problem 428/500...
Processing problem 429/500...
Processing problem 430/500...
Processing problem 431/500...
Processing problem 432/500...
Processing problem 433/500...
Processing problem 434/500...
Processing problem 435/500...
Processing problem 436/500...
Processing problem 437/500...
Processing problem 438/500...
Processing problem 439/500...
Processing problem 440/500...
Processing problem 441/500...
Processing problem 442/500...
Processing problem 443/500...
Processing problem 444/500...
Processing problem 445/500...
Processing problem 446/500...
Processing problem 447/500...
Processing problem 448/500...
Processing problem 449/500...
Processing problem 450/500...
Processing problem 451/500...
Processing problem 452/500...
Processing problem 453/500...
Processing problem 454/500...
Processing problem 455/500...
Processing problem 456/500...
Processing problem 457/500...
Processing problem 458/500...
Processing problem 459/500...
Processing problem 460/500...
Processing problem 461/500...
Processing problem 462/500...
Processing problem 463/500...
Processing problem 464/500...
Processing problem 465/500...
Processing problem 466/500...
Processing problem 467/500...
Processing problem 468/500...
Processing problem 469/500...
Processing problem 470/500...
Processing problem 471/500...
Processing problem 472/500...
Processing problem 473/500...
Processing problem 474/500...
Processing problem 475/500...
Processing problem 476/500...
Processing problem 477/500...
Processing problem 478/500...
Processing problem 479/500...
Processing problem 480/500...
Processing problem 481/500...
Processing problem 482/500...
Processing problem 483/500...
Processing problem 484/500...
Processing problem 485/500...
Processing problem 486/500...
Processing problem 487/500...
Processing problem 488/500...
Processing problem 489/500...
Processing problem 490/500...
Processing problem 491/500...
Processing problem 492/500...
Processing problem 493/500...
Processing problem 494/500...
Processing problem 495/500...
Processing problem 496/500...
Processing problem 497/500...
Processing problem 498/500...
Processing problem 499/500...
Processing problem 500/500...
Plot saved to /u/khashazad/truncated-transformer-reasoning/logitlens/logitlens_results/kl_divergence_plot_14801.png
>>> JOB COMPLETE <<<
Your plot is saved at: /u/khashazad/truncated-transformer-reasoning/logitlens/logitlens_results/kl_divergence_plot_14801.png
